<?xml version="1.0" encoding="UTF-8"?>
<!-- Generated by org.testng.reporters.JUnitXMLReporter -->
<testsuite ignored="0" hostname="RSPLLT763" failures="0" tests="6" name="Default test" time="8.689" errors="0" timestamp="2025-06-10T12:30:19 IST">
  <testcase classname="api.test.DDTests" name="testPostUser" time="2.655"/>
  <testcase classname="api.test.DDTests" name="testPostUser" time="1.461"/>
  <testcase classname="api.test.DDTests" name="testGetUserByUserName" time="0.91"/>
  <testcase classname="api.test.DDTests" name="testGetUserByUserName" time="0.848"/>
  <testcase classname="api.test.DDTests" name="testDeleteUserbyUserName" time="0.925"/>
  <testcase classname="api.test.DDTests" name="testDeleteUserbyUserName" time="0.845"/>
</testsuite> <!-- Default test -->
