<?xml version="1.0" encoding="UTF-8"?>
<!-- Generated by org.testng.reporters.JUnitXMLReporter -->
<testsuite ignored="0" hostname="RSPLLT763" failures="1" tests="4" name="Test" time="6.938" errors="0" timestamp="2025-06-10T12:22:07 IST">
  <testcase classname="api.test.UserTest" name="testPostUser" time="3.104"/>
  <testcase classname="api.test.UserTest" name="testGetUserByName" time="0.934"/>
  <testcase classname="api.test.UserTest" name="testUpdateUserbyName" time="1.722">
    <failure type="java.lang.AssertionError" message="expected [200] but found [404]">
      <![CDATA[java.lang.AssertionError: expected [200] but found [404]
at api.test.UserTest.testUpdateUserbyName(UserTest.java:75)
at java.base/java.util.ArrayList.forEach(ArrayList.java:1596)
... Removed 36 stack frames]]>
    </failure>
  </testcase> <!-- testUpdateUserbyName -->
  <testcase classname="api.test.UserTest" name="testDeleteUserbyName" time="0.847"/>
</testsuite> <!-- Test -->
