<?xml version="1.0" encoding="UTF-8"?>
<testng-results ignored="0" total="6" passed="6" failed="0" skipped="0">
  <reporter-output>
  </reporter-output>
  <suite started-at="2025-06-10T12:30:10 IST" name="Default suite" finished-at="2025-06-10T12:30:19 IST" duration-ms="8689">
    <groups>
    </groups>
    <test started-at="2025-06-10T12:30:10 IST" name="Default test" finished-at="2025-06-10T12:30:19 IST" duration-ms="8689">
      <class name="api.test.DDTests">
        <test-method signature="testPostUser(java.lang.String,java.lang.String,java.lang.String,java.lang.String,java.lang.String,java.lang.String,java.lang.String)[pri:1, instance:api.test.DDTests@38831718]" started-at="2025-06-10T12:30:11 IST" name="testPostUser" data-provider="testdata" finished-at="2025-06-10T12:30:14 IST" duration-ms="2655" status="PASS">
          <params>
            <param index="0">
              <value>
                <![CDATA[109]]>
              </value>
            </param>
            <param index="1">
              <value>
                <![CDATA[hrivera]]>
              </value>
            </param>
            <param index="2">
              <value>
                <![CDATA[Henry]]>
              </value>
            </param>
            <param index="3">
              <value>
                <![CDATA[Rivera]]>
              </value>
            </param>
            <param index="4">
              <value>
                <![CDATA[henry.rivera@example.com]]>
              </value>
            </param>
            <param index="5">
              <value>
                <![CDATA[Pass@1234]]>
              </value>
            </param>
            <param index="6">
              <value>
                <![CDATA[555-123-0009]]>
              </value>
            </param>
          </params>
          <reporter-output>
          </reporter-output>
        </test-method> <!-- testPostUser -->
        <test-method signature="testPostUser(java.lang.String,java.lang.String,java.lang.String,java.lang.String,java.lang.String,java.lang.String,java.lang.String)[pri:1, instance:api.test.DDTests@38831718]" started-at="2025-06-10T12:30:14 IST" name="testPostUser" data-provider="testdata" finished-at="2025-06-10T12:30:15 IST" duration-ms="1461" status="PASS">
          <params>
            <param index="0">
              <value>
                <![CDATA[110]]>
              </value>
            </param>
            <param index="1">
              <value>
                <![CDATA[ijames]]>
              </value>
            </param>
            <param index="2">
              <value>
                <![CDATA[Ivy]]>
              </value>
            </param>
            <param index="3">
              <value>
                <![CDATA[James]]>
              </value>
            </param>
            <param index="4">
              <value>
                <![CDATA[ivy.james@example.com]]>
              </value>
            </param>
            <param index="5">
              <value>
                <![CDATA[Pass@1234]]>
              </value>
            </param>
            <param index="6">
              <value>
                <![CDATA[555-123-0010]]>
              </value>
            </param>
          </params>
          <reporter-output>
          </reporter-output>
        </test-method> <!-- testPostUser -->
        <test-method signature="testGetUserByUserName(java.lang.String)[pri:2, instance:api.test.DDTests@38831718]" started-at="2025-06-10T12:30:15 IST" name="testGetUserByUserName" data-provider="getUserNames" finished-at="2025-06-10T12:30:16 IST" depends-on-methods="api.test.DDTests.testPostUser" duration-ms="910" status="PASS">
          <params>
            <param index="0">
              <value>
                <![CDATA[hrivera]]>
              </value>
            </param>
          </params>
          <reporter-output>
          </reporter-output>
        </test-method> <!-- testGetUserByUserName -->
        <test-method signature="testGetUserByUserName(java.lang.String)[pri:2, instance:api.test.DDTests@38831718]" started-at="2025-06-10T12:30:16 IST" name="testGetUserByUserName" data-provider="getUserNames" finished-at="2025-06-10T12:30:17 IST" depends-on-methods="api.test.DDTests.testPostUser" duration-ms="848" status="PASS">
          <params>
            <param index="0">
              <value>
                <![CDATA[ijames]]>
              </value>
            </param>
          </params>
          <reporter-output>
          </reporter-output>
        </test-method> <!-- testGetUserByUserName -->
        <test-method signature="testDeleteUserbyUserName(java.lang.String)[pri:3, instance:api.test.DDTests@38831718]" started-at="2025-06-10T12:30:17 IST" name="testDeleteUserbyUserName" data-provider="getUserNames" finished-at="2025-06-10T12:30:18 IST" depends-on-methods="api.test.DDTests.testPostUser" duration-ms="925" status="PASS">
          <params>
            <param index="0">
              <value>
                <![CDATA[hrivera]]>
              </value>
            </param>
          </params>
          <reporter-output>
          </reporter-output>
        </test-method> <!-- testDeleteUserbyUserName -->
        <test-method signature="testDeleteUserbyUserName(java.lang.String)[pri:3, instance:api.test.DDTests@38831718]" started-at="2025-06-10T12:30:18 IST" name="testDeleteUserbyUserName" data-provider="getUserNames" finished-at="2025-06-10T12:30:19 IST" depends-on-methods="api.test.DDTests.testPostUser" duration-ms="845" status="PASS">
          <params>
            <param index="0">
              <value>
                <![CDATA[ijames]]>
              </value>
            </param>
          </params>
          <reporter-output>
          </reporter-output>
        </test-method> <!-- testDeleteUserbyUserName -->
      </class> <!-- api.test.DDTests -->
    </test> <!-- Default test -->
  </suite> <!-- Default suite -->
</testng-results>
